<?xml version="1.0" encoding="UTF-8"?>
<!-- Generated by org.testng.reporters.JUnitReportReporter -->
<testsuite hostname="DESKTOP-A020C06" failures="0" tests="7" name="test.TextBox_test" time="14.095" errors="0" timestamp="2022-11-12T00:45:25 IST" skipped="0">
  <testcase classname="test.TextBox_test" name="clickonElements" time="1.234"/>
  <system-out/>
  <testcase classname="test.TextBox_test" name="clickonTexBoxButton" time="1.202"/>
  <system-out/>
  <testcase classname="test.TextBox_test" name="sendTextFullName" time="2.165"/>
  <system-out/>
  <testcase classname="test.TextBox_test" name="sendTextfullemail1" time="1.421"/>
  <system-out/>
  <testcase classname="test.TextBox_test" name="sendTextfulladdresh1" time="1.397"/>
  <system-out/>
  <testcase classname="test.TextBox_test" name="sendTextPaddresh1" time="1.413"/>
  <system-out/>
  <testcase classname="test.TextBox_test" name="clickonSubmitButton" time="5.263"/>
  <system-out/>
</testsuite> <!-- test.TextBox_test -->
