<?xml version="1.0" encoding="UTF-8"?>
<!-- Generated by org.testng.reporters.JUnitReportReporter -->
<testsuite hostname="Hemendra" failures="0" tests="4" name="test.Frame_test" time="1.177" errors="0" timestamp="2023-04-17T23:36:50 IST" skipped="0">
  <testcase classname="test.Frame_test" name="clickonalertframebutton" time="0.202"/>
  <system-out/>
  <testcase classname="test.Frame_test" name="clickonframe" time="0.415"/>
  <system-out/>
  <testcase classname="test.Frame_test" name="enterinparentframe1" time="0.202"/>
  <system-out/>
  <testcase classname="test.Frame_test" name="enterinchildframe2" time="0.358"/>
  <system-out/>
</testsuite> <!-- test.Frame_test -->
