<?xml version="1.0" encoding="UTF-8"?>
<!-- Generated by org.testng.reporters.JUnitReportReporter -->
<testsuite hostname="Hemendra" failures="0" tests="4" name="test.mousehower_click_test" time="2.662" errors="0" timestamp="2023-04-17T23:36:50 IST" skipped="0">
  <testcase classname="test.mousehower_click_test" name="clickonwidgets" time="0.441"/>
  <system-out/>
  <testcase classname="test.mousehower_click_test" name="clickonmenu" time="0.388"/>
  <system-out/>
  <testcase classname="test.mousehower_click_test" name="mousehower" time="0.286"/>
  <system-out/>
  <testcase classname="test.mousehower_click_test" name="mousehowerandclick" time="1.547"/>
  <system-out/>
</testsuite> <!-- test.mousehower_click_test -->
