<?xml version="1.0" encoding="UTF-8"?>
<!-- Generated by org.testng.reporters.JUnitReportReporter -->
<testsuite hostname="DESKTOP-A020C06" failures="0" tests="6" name="test.SelectMenu_test" time="2.920" errors="0" timestamp="2022-11-25T18:44:22 IST" skipped="0">
  <testcase classname="test.SelectMenu_test" name="clickonwidget" time="0.184"/>
  <system-out/>
  <testcase classname="test.SelectMenu_test" name="clickonselectmenu" time="0.257"/>
  <system-out/>
  <testcase classname="test.SelectMenu_test" name="clickonselectbyvalue" time="0.850"/>
  <system-out/>
  <testcase classname="test.SelectMenu_test" name="clickonselectbyone" time="0.594"/>
  <system-out/>
  <testcase classname="test.SelectMenu_test" name="clickonmultiselect" time="0.552"/>
  <system-out/>
  <testcase classname="test.SelectMenu_test" name="clickonmultiselectrobotclass" time="0.483"/>
  <system-out/>
</testsuite> <!-- test.SelectMenu_test -->
