<?xml version="1.0" encoding="UTF-8"?>
<!-- Generated by org.testng.reporters.JUnitReportReporter -->
<testsuite hostname="Hemendra" failures="0" tests="101" name="test.Logintest" time="38.463" errors="0" timestamp="2023-04-17T23:10:14 IST" skipped="0">
  <testcase classname="test.Logintest" name="getTitle" time="0.183"/>
  <system-out/>
  <testcase classname="test.Logintest" name="getTitle" time="0.174"/>
  <system-out/>
  <testcase classname="test.Logintest" name="getTitle" time="0.137"/>
  <system-out/>
  <testcase classname="test.Logintest" name="getTitle" time="0.156"/>
  <system-out/>
  <testcase classname="test.Logintest" name="getTitle" time="0.203"/>
  <system-out/>
  <testcase classname="test.Logintest" name="getTitle" time="0.134"/>
  <system-out/>
  <testcase classname="test.Logintest" name="getTitle" time="0.134"/>
  <system-out/>
  <testcase classname="test.Logintest" name="getTitle" time="0.131"/>
  <system-out/>
  <testcase classname="test.Logintest" name="getTitle" time="0.133"/>
  <system-out/>
  <testcase classname="test.Logintest" name="getTitle" time="0.185"/>
  <system-out/>
  <testcase classname="test.Logintest" name="getTitle" time="0.134"/>
  <system-out/>
  <testcase classname="test.Logintest" name="getTitle" time="0.201"/>
  <system-out/>
  <testcase classname="test.Logintest" name="getTitle" time="0.184"/>
  <system-out/>
  <testcase classname="test.Logintest" name="getTitle" time="0.165"/>
  <system-out/>
  <testcase classname="test.Logintest" name="getTitle" time="0.164"/>
  <system-out/>
  <testcase classname="test.Logintest" name="getTitle" time="0.272"/>
  <system-out/>
  <testcase classname="test.Logintest" name="getTitle" time="0.149"/>
  <system-out/>
  <testcase classname="test.Logintest" name="getTitle" time="0.149"/>
  <system-out/>
  <testcase classname="test.Logintest" name="getTitle" time="0.180"/>
  <system-out/>
  <testcase classname="test.Logintest" name="getTitle" time="0.139"/>
  <system-out/>
  <testcase classname="test.Logintest" name="getTitle" time="0.161"/>
  <system-out/>
  <testcase classname="test.Logintest" name="getTitle" time="0.211"/>
  <system-out/>
  <testcase classname="test.Logintest" name="getTitle" time="0.139"/>
  <system-out/>
  <testcase classname="test.Logintest" name="getTitle" time="0.166"/>
  <system-out/>
  <testcase classname="test.Logintest" name="getTitle" time="0.149"/>
  <system-out/>
  <testcase classname="test.Logintest" name="getTitle" time="0.317"/>
  <system-out/>
  <testcase classname="test.Logintest" name="getTitle" time="0.138"/>
  <system-out/>
  <testcase classname="test.Logintest" name="getTitle" time="0.134"/>
  <system-out/>
  <testcase classname="test.Logintest" name="getTitle" time="0.200"/>
  <system-out/>
  <testcase classname="test.Logintest" name="getTitle" time="0.134"/>
  <system-out/>
  <testcase classname="test.Logintest" name="getTitle" time="0.150"/>
  <system-out/>
  <testcase classname="test.Logintest" name="getTitle" time="0.131"/>
  <system-out/>
  <testcase classname="test.Logintest" name="getTitle" time="0.133"/>
  <system-out/>
  <testcase classname="test.Logintest" name="getTitle" time="0.133"/>
  <system-out/>
  <testcase classname="test.Logintest" name="getTitle" time="0.170"/>
  <system-out/>
  <testcase classname="test.Logintest" name="getTitle" time="0.166"/>
  <system-out/>
  <testcase classname="test.Logintest" name="getTitle" time="0.167"/>
  <system-out/>
  <testcase classname="test.Logintest" name="getTitle" time="0.168"/>
  <system-out/>
  <testcase classname="test.Logintest" name="getTitle" time="0.139"/>
  <system-out/>
  <testcase classname="test.Logintest" name="getTitle" time="0.151"/>
  <system-out/>
  <testcase classname="test.Logintest" name="getTitle" time="0.178"/>
  <system-out/>
  <testcase classname="test.Logintest" name="getTitle" time="0.189"/>
  <system-out/>
  <testcase classname="test.Logintest" name="getTitle" time="0.185"/>
  <system-out/>
  <testcase classname="test.Logintest" name="getTitle" time="0.244"/>
  <system-out/>
  <testcase classname="test.Logintest" name="getTitle" time="21.419"/>
  <system-out/>
  <testcase classname="test.Logintest" name="getTitle" time="0.199"/>
  <system-out/>
  <testcase classname="test.Logintest" name="getTitle" time="0.151"/>
  <system-out/>
  <testcase classname="test.Logintest" name="getTitle" time="0.119"/>
  <system-out/>
  <testcase classname="test.Logintest" name="getTitle" time="0.157"/>
  <system-out/>
  <testcase classname="test.Logintest" name="getTitle" time="0.239"/>
  <system-out/>
  <testcase classname="test.Logintest" name="getTitle" time="0.174"/>
  <system-out/>
  <testcase classname="test.Logintest" name="getTitle" time="0.135"/>
  <system-out/>
  <testcase classname="test.Logintest" name="getTitle" time="0.132"/>
  <system-out/>
  <testcase classname="test.Logintest" name="getTitle" time="0.143"/>
  <system-out/>
  <testcase classname="test.Logintest" name="getTitle" time="0.161"/>
  <system-out/>
  <testcase classname="test.Logintest" name="getTitle" time="0.163"/>
  <system-out/>
  <testcase classname="test.Logintest" name="getTitle" time="0.116"/>
  <system-out/>
  <testcase classname="test.Logintest" name="getTitle" time="0.136"/>
  <system-out/>
  <testcase classname="test.Logintest" name="getTitle" time="0.122"/>
  <system-out/>
  <testcase classname="test.Logintest" name="getTitle" time="0.222"/>
  <system-out/>
  <testcase classname="test.Logintest" name="getTitle" time="0.149"/>
  <system-out/>
  <testcase classname="test.Logintest" name="getTitle" time="0.184"/>
  <system-out/>
  <testcase classname="test.Logintest" name="getTitle" time="0.158"/>
  <system-out/>
  <testcase classname="test.Logintest" name="getTitle" time="0.109"/>
  <system-out/>
  <testcase classname="test.Logintest" name="getTitle" time="0.163"/>
  <system-out/>
  <testcase classname="test.Logintest" name="getTitle" time="0.210"/>
  <system-out/>
  <testcase classname="test.Logintest" name="getTitle" time="0.203"/>
  <system-out/>
  <testcase classname="test.Logintest" name="getTitle" time="0.146"/>
  <system-out/>
  <testcase classname="test.Logintest" name="getTitle" time="0.149"/>
  <system-out/>
  <testcase classname="test.Logintest" name="getTitle" time="0.171"/>
  <system-out/>
  <testcase classname="test.Logintest" name="getTitle" time="0.234"/>
  <system-out/>
  <testcase classname="test.Logintest" name="getTitle" time="0.219"/>
  <system-out/>
  <testcase classname="test.Logintest" name="getTitle" time="0.187"/>
  <system-out/>
  <testcase classname="test.Logintest" name="getTitle" time="0.353"/>
  <system-out/>
  <testcase classname="test.Logintest" name="getTitle" time="0.149"/>
  <system-out/>
  <testcase classname="test.Logintest" name="getTitle" time="0.132"/>
  <system-out/>
  <testcase classname="test.Logintest" name="getTitle" time="0.135"/>
  <system-out/>
  <testcase classname="test.Logintest" name="getTitle" time="0.129"/>
  <system-out/>
  <testcase classname="test.Logintest" name="getTitle" time="0.140"/>
  <system-out/>
  <testcase classname="test.Logintest" name="getTitle" time="0.130"/>
  <system-out/>
  <testcase classname="test.Logintest" name="getTitle" time="0.213"/>
  <system-out/>
  <testcase classname="test.Logintest" name="getTitle" time="0.165"/>
  <system-out/>
  <testcase classname="test.Logintest" name="getTitle" time="0.173"/>
  <system-out/>
  <testcase classname="test.Logintest" name="getTitle" time="0.139"/>
  <system-out/>
  <testcase classname="test.Logintest" name="getTitle" time="0.197"/>
  <system-out/>
  <testcase classname="test.Logintest" name="getTitle" time="0.151"/>
  <system-out/>
  <testcase classname="test.Logintest" name="getTitle" time="0.141"/>
  <system-out/>
  <testcase classname="test.Logintest" name="getTitle" time="0.269"/>
  <system-out/>
  <testcase classname="test.Logintest" name="getTitle" time="0.198"/>
  <system-out/>
  <testcase classname="test.Logintest" name="getTitle" time="0.228"/>
  <system-out/>
  <testcase classname="test.Logintest" name="getTitle" time="0.507"/>
  <system-out/>
  <testcase classname="test.Logintest" name="getTitle" time="0.118"/>
  <system-out/>
  <testcase classname="test.Logintest" name="getTitle" time="0.135"/>
  <system-out/>
  <testcase classname="test.Logintest" name="getTitle" time="0.149"/>
  <system-out/>
  <testcase classname="test.Logintest" name="getTitle" time="0.134"/>
  <system-out/>
  <testcase classname="test.Logintest" name="getTitle" time="0.132"/>
  <system-out/>
  <testcase classname="test.Logintest" name="getTitle" time="0.144"/>
  <system-out/>
  <testcase classname="test.Logintest" name="getTitle" time="0.152"/>
  <system-out/>
  <testcase classname="test.Logintest" name="getTitle" time="0.143"/>
  <system-out/>
  <testcase classname="test.Logintest" name="getTitle" time="0.147"/>
  <system-out/>
  <testcase classname="test.Logintest" name="clickonElements" time="0.230"/>
  <system-out/>
</testsuite> <!-- test.Logintest -->
