<?xml version="1.0" encoding="UTF-8"?>
<!-- Generated by org.testng.reporters.JUnitReportReporter -->
<testsuite hostname="Hemendra" failures="0" tests="5" name="test.Datapicker_test" time="2.111" errors="0" timestamp="2023-04-17T23:36:50 IST" skipped="0">
  <testcase classname="test.Datapicker_test" name="clickonwidgets" time="0.493"/>
  <system-out/>
  <testcase classname="test.Datapicker_test" name="clickondatapicker" time="0.273"/>
  <system-out/>
  <testcase classname="test.Datapicker_test" name="clickonselectdate" time="0.482"/>
  <system-out/>
  <testcase classname="test.Datapicker_test" name="selectdate_timePS" time="0.321"/>
  <system-out/>
  <testcase classname="test.Datapicker_test" name="selectgetdate_time" time="0.542"/>
  <system-out/>
</testsuite> <!-- test.Datapicker_test -->
