<?xml version="1.0" encoding="UTF-8"?>
<!-- Generated by org.testng.reporters.JUnitReportReporter -->
<testsuite hostname="Hemendra" failures="0" tests="5" name="test.RadioButton_test" time="12.194" errors="0" timestamp="2023-04-17T23:36:50 IST" skipped="0">
  <testcase classname="test.RadioButton_test" name="clickonElements" time="2.849"/>
  <system-out/>
  <testcase classname="test.RadioButton_test" name="clickonRadioButton" time="2.315"/>
  <system-out/>
  <testcase classname="test.RadioButton_test" name="clickonYesButton" time="2.350"/>
  <system-out/>
  <testcase classname="test.RadioButton_test" name="clickonImpressiveButton" time="2.367"/>
  <system-out/>
  <testcase classname="test.RadioButton_test" name="clickonNoButton" time="2.313"/>
  <system-out/>
</testsuite> <!-- test.RadioButton_test -->
