<?xml version="1.0" encoding="UTF-8"?>
<!-- Generated by org.testng.reporters.JUnitReportReporter -->
<testsuite hostname="DESKTOP-A020C06" failures="0" tests="3" name="test.ToolTip_Test" time="1.044" errors="0" timestamp="2022-11-29T16:14:54 IST" skipped="0">
  <testcase classname="test.ToolTip_Test" name="clickonwidgets" time="0.263"/>
  <system-out/>
  <testcase classname="test.ToolTip_Test" name="clickonToolTip" time="0.336"/>
  <system-out/>
  <testcase classname="test.ToolTip_Test" name="HandelHover" time="0.445"/>
  <system-out/>
</testsuite> <!-- test.ToolTip_Test -->
