<?xml version="1.0" encoding="UTF-8"?>
<!-- Generated by org.testng.reporters.JUnitReportReporter -->
<testsuite hostname="DESKTOP-A020C06" failures="0" tests="5" name="test.Button_test" time="5.642" errors="0" timestamp="2022-10-02T22:39:07 IST" skipped="0">
  <testcase classname="test.Button_test" name="clickonElements" time="1.117"/>
  <system-out/>
  <testcase classname="test.Button_test" name="clickonButton" time="1.089"/>
  <system-out/>
  <testcase classname="test.Button_test" name="clickondoubleclick" time="1.177"/>
  <system-out/>
  <testcase classname="test.Button_test" name="clickonrightclick" time="1.185"/>
  <system-out/>
  <testcase classname="test.Button_test" name="clickonclickme" time="1.074"/>
  <system-out/>
</testsuite> <!-- test.Button_test -->
