<?xml version="1.0" encoding="UTF-8"?>
<!-- Generated by org.testng.reporters.JUnitReportReporter -->
<testsuite hostname="Hemendra" failures="0" tests="6" name="test.SelectMenu_test" time="4.712" errors="0" timestamp="2023-04-17T23:36:50 IST" skipped="0">
  <testcase classname="test.SelectMenu_test" name="clickonwidget" time="0.234"/>
  <system-out/>
  <testcase classname="test.SelectMenu_test" name="clickonselectmenu" time="0.354"/>
  <system-out/>
  <testcase classname="test.SelectMenu_test" name="clickonselectbyvalue" time="0.720"/>
  <system-out/>
  <testcase classname="test.SelectMenu_test" name="clickonselectbyone" time="0.909"/>
  <system-out/>
  <testcase classname="test.SelectMenu_test" name="clickonmultiselect" time="1.773"/>
  <system-out/>
  <testcase classname="test.SelectMenu_test" name="clickonmultiselectrobotclass" time="0.722"/>
  <system-out/>
</testsuite> <!-- test.SelectMenu_test -->
