<?xml version="1.0" encoding="UTF-8"?>
<!-- Generated by org.testng.reporters.JUnitReportReporter -->
<testsuite hostname="DESKTOP-A020C06" failures="0" tests="5" name="test.RadioButton_test" time="10.528" errors="0" timestamp="2022-09-25T21:37:43 IST" skipped="0">
  <testcase classname="test.RadioButton_test" name="clickonElements" time="2.107"/>
  <system-out/>
  <testcase classname="test.RadioButton_test" name="clickonRadioButton" time="2.065"/>
  <system-out/>
  <testcase classname="test.RadioButton_test" name="clickonYesButton" time="2.088"/>
  <system-out/>
  <testcase classname="test.RadioButton_test" name="clickonImpressiveButton" time="2.131"/>
  <system-out/>
  <testcase classname="test.RadioButton_test" name="clickonNoButton" time="2.137"/>
  <system-out/>
</testsuite> <!-- test.RadioButton_test -->
