<?xml version="1.0" encoding="UTF-8"?>
<!-- Generated by org.testng.reporters.JUnitReportReporter -->
<testsuite hostname="Hemendra" failures="0" tests="5" name="test.Button_test" time="7.062" errors="0" timestamp="2023-04-17T23:36:50 IST" skipped="0">
  <testcase classname="test.Button_test" name="clickonElements" time="1.268"/>
  <system-out/>
  <testcase classname="test.Button_test" name="clickonButton" time="1.466"/>
  <system-out/>
  <testcase classname="test.Button_test" name="clickondoubleclick" time="1.479"/>
  <system-out/>
  <testcase classname="test.Button_test" name="clickonrightclick" time="1.525"/>
  <system-out/>
  <testcase classname="test.Button_test" name="clickonclickme" time="1.324"/>
  <system-out/>
</testsuite> <!-- test.Button_test -->
