<?xml version="1.0" encoding="UTF-8"?>
<!-- Generated by org.testng.reporters.JUnitReportReporter -->
<testsuite hostname="Hemendra" failures="0" tests="5" name="test.ProgressBar_test" time="3.048" errors="0" timestamp="2022-12-21T05:51:50 IST" skipped="0">
  <testcase classname="test.ProgressBar_test" name="clickonwidgets" time="0.196"/>
  <system-out/>
  <testcase classname="test.ProgressBar_test" name="clickonprogressbarbutton" time="0.222"/>
  <system-out/>
  <testcase classname="test.ProgressBar_test" name="widthbeforestart" time="0.242"/>
  <system-out/>
  <testcase classname="test.ProgressBar_test" name="clickonStart" time="2.199"/>
  <system-out/>
  <testcase classname="test.ProgressBar_test" name="widthafterstart" time="0.189"/>
  <system-out/>
</testsuite> <!-- test.ProgressBar_test -->
