<?xml version="1.0" encoding="UTF-8"?>
<!-- Generated by org.testng.reporters.JUnitReportReporter -->
<testsuite hostname="Hemendra" failures="0" tests="101" name="test.Logintest" time="16.277" errors="0" timestamp="2023-05-01T20:02:31 IST" skipped="0">
  <testcase classname="test.Logintest" name="getTitle" time="0.145"/>
  <system-out/>
  <testcase classname="test.Logintest" name="getTitle" time="0.157"/>
  <system-out/>
  <testcase classname="test.Logintest" name="getTitle" time="0.174"/>
  <system-out/>
  <testcase classname="test.Logintest" name="getTitle" time="0.139"/>
  <system-out/>
  <testcase classname="test.Logintest" name="getTitle" time="0.185"/>
  <system-out/>
  <testcase classname="test.Logintest" name="getTitle" time="0.163"/>
  <system-out/>
  <testcase classname="test.Logintest" name="getTitle" time="0.145"/>
  <system-out/>
  <testcase classname="test.Logintest" name="getTitle" time="0.132"/>
  <system-out/>
  <testcase classname="test.Logintest" name="getTitle" time="0.172"/>
  <system-out/>
  <testcase classname="test.Logintest" name="getTitle" time="0.147"/>
  <system-out/>
  <testcase classname="test.Logintest" name="getTitle" time="0.159"/>
  <system-out/>
  <testcase classname="test.Logintest" name="getTitle" time="0.205"/>
  <system-out/>
  <testcase classname="test.Logintest" name="getTitle" time="0.141"/>
  <system-out/>
  <testcase classname="test.Logintest" name="getTitle" time="0.158"/>
  <system-out/>
  <testcase classname="test.Logintest" name="getTitle" time="0.141"/>
  <system-out/>
  <testcase classname="test.Logintest" name="getTitle" time="0.137"/>
  <system-out/>
  <testcase classname="test.Logintest" name="getTitle" time="0.151"/>
  <system-out/>
  <testcase classname="test.Logintest" name="getTitle" time="0.161"/>
  <system-out/>
  <testcase classname="test.Logintest" name="getTitle" time="0.140"/>
  <system-out/>
  <testcase classname="test.Logintest" name="getTitle" time="0.136"/>
  <system-out/>
  <testcase classname="test.Logintest" name="getTitle" time="0.144"/>
  <system-out/>
  <testcase classname="test.Logintest" name="getTitle" time="0.401"/>
  <system-out/>
  <testcase classname="test.Logintest" name="getTitle" time="0.154"/>
  <system-out/>
  <testcase classname="test.Logintest" name="getTitle" time="0.166"/>
  <system-out/>
  <testcase classname="test.Logintest" name="getTitle" time="0.134"/>
  <system-out/>
  <testcase classname="test.Logintest" name="getTitle" time="0.137"/>
  <system-out/>
  <testcase classname="test.Logintest" name="getTitle" time="0.135"/>
  <system-out/>
  <testcase classname="test.Logintest" name="getTitle" time="0.155"/>
  <system-out/>
  <testcase classname="test.Logintest" name="getTitle" time="0.134"/>
  <system-out/>
  <testcase classname="test.Logintest" name="getTitle" time="0.180"/>
  <system-out/>
  <testcase classname="test.Logintest" name="getTitle" time="0.128"/>
  <system-out/>
  <testcase classname="test.Logintest" name="getTitle" time="0.143"/>
  <system-out/>
  <testcase classname="test.Logintest" name="getTitle" time="0.175"/>
  <system-out/>
  <testcase classname="test.Logintest" name="getTitle" time="0.128"/>
  <system-out/>
  <testcase classname="test.Logintest" name="getTitle" time="0.157"/>
  <system-out/>
  <testcase classname="test.Logintest" name="getTitle" time="0.499"/>
  <system-out/>
  <testcase classname="test.Logintest" name="getTitle" time="0.140"/>
  <system-out/>
  <testcase classname="test.Logintest" name="getTitle" time="0.145"/>
  <system-out/>
  <testcase classname="test.Logintest" name="getTitle" time="0.137"/>
  <system-out/>
  <testcase classname="test.Logintest" name="getTitle" time="0.141"/>
  <system-out/>
  <testcase classname="test.Logintest" name="getTitle" time="0.137"/>
  <system-out/>
  <testcase classname="test.Logintest" name="getTitle" time="0.133"/>
  <system-out/>
  <testcase classname="test.Logintest" name="getTitle" time="0.186"/>
  <system-out/>
  <testcase classname="test.Logintest" name="getTitle" time="0.182"/>
  <system-out/>
  <testcase classname="test.Logintest" name="getTitle" time="0.133"/>
  <system-out/>
  <testcase classname="test.Logintest" name="getTitle" time="0.138"/>
  <system-out/>
  <testcase classname="test.Logintest" name="getTitle" time="0.140"/>
  <system-out/>
  <testcase classname="test.Logintest" name="getTitle" time="0.151"/>
  <system-out/>
  <testcase classname="test.Logintest" name="getTitle" time="0.179"/>
  <system-out/>
  <testcase classname="test.Logintest" name="getTitle" time="0.141"/>
  <system-out/>
  <testcase classname="test.Logintest" name="getTitle" time="0.143"/>
  <system-out/>
  <testcase classname="test.Logintest" name="getTitle" time="0.130"/>
  <system-out/>
  <testcase classname="test.Logintest" name="getTitle" time="0.138"/>
  <system-out/>
  <testcase classname="test.Logintest" name="getTitle" time="0.119"/>
  <system-out/>
  <testcase classname="test.Logintest" name="getTitle" time="0.144"/>
  <system-out/>
  <testcase classname="test.Logintest" name="getTitle" time="0.136"/>
  <system-out/>
  <testcase classname="test.Logintest" name="getTitle" time="0.180"/>
  <system-out/>
  <testcase classname="test.Logintest" name="getTitle" time="0.146"/>
  <system-out/>
  <testcase classname="test.Logintest" name="getTitle" time="0.132"/>
  <system-out/>
  <testcase classname="test.Logintest" name="getTitle" time="0.188"/>
  <system-out/>
  <testcase classname="test.Logintest" name="getTitle" time="0.140"/>
  <system-out/>
  <testcase classname="test.Logintest" name="getTitle" time="0.153"/>
  <system-out/>
  <testcase classname="test.Logintest" name="getTitle" time="0.162"/>
  <system-out/>
  <testcase classname="test.Logintest" name="getTitle" time="0.156"/>
  <system-out/>
  <testcase classname="test.Logintest" name="getTitle" time="0.131"/>
  <system-out/>
  <testcase classname="test.Logintest" name="getTitle" time="0.226"/>
  <system-out/>
  <testcase classname="test.Logintest" name="getTitle" time="0.158"/>
  <system-out/>
  <testcase classname="test.Logintest" name="getTitle" time="0.210"/>
  <system-out/>
  <testcase classname="test.Logintest" name="getTitle" time="0.150"/>
  <system-out/>
  <testcase classname="test.Logintest" name="getTitle" time="0.198"/>
  <system-out/>
  <testcase classname="test.Logintest" name="getTitle" time="0.170"/>
  <system-out/>
  <testcase classname="test.Logintest" name="getTitle" time="0.178"/>
  <system-out/>
  <testcase classname="test.Logintest" name="getTitle" time="0.140"/>
  <system-out/>
  <testcase classname="test.Logintest" name="getTitle" time="0.127"/>
  <system-out/>
  <testcase classname="test.Logintest" name="getTitle" time="0.137"/>
  <system-out/>
  <testcase classname="test.Logintest" name="getTitle" time="0.141"/>
  <system-out/>
  <testcase classname="test.Logintest" name="getTitle" time="0.144"/>
  <system-out/>
  <testcase classname="test.Logintest" name="getTitle" time="0.136"/>
  <system-out/>
  <testcase classname="test.Logintest" name="getTitle" time="0.175"/>
  <system-out/>
  <testcase classname="test.Logintest" name="getTitle" time="0.135"/>
  <system-out/>
  <testcase classname="test.Logintest" name="getTitle" time="0.165"/>
  <system-out/>
  <testcase classname="test.Logintest" name="getTitle" time="0.249"/>
  <system-out/>
  <testcase classname="test.Logintest" name="getTitle" time="0.172"/>
  <system-out/>
  <testcase classname="test.Logintest" name="getTitle" time="0.157"/>
  <system-out/>
  <testcase classname="test.Logintest" name="getTitle" time="0.143"/>
  <system-out/>
  <testcase classname="test.Logintest" name="getTitle" time="0.149"/>
  <system-out/>
  <testcase classname="test.Logintest" name="getTitle" time="0.156"/>
  <system-out/>
  <testcase classname="test.Logintest" name="getTitle" time="0.205"/>
  <system-out/>
  <testcase classname="test.Logintest" name="getTitle" time="0.135"/>
  <system-out/>
  <testcase classname="test.Logintest" name="getTitle" time="0.135"/>
  <system-out/>
  <testcase classname="test.Logintest" name="getTitle" time="0.165"/>
  <system-out/>
  <testcase classname="test.Logintest" name="getTitle" time="0.145"/>
  <system-out/>
  <testcase classname="test.Logintest" name="getTitle" time="0.211"/>
  <system-out/>
  <testcase classname="test.Logintest" name="getTitle" time="0.144"/>
  <system-out/>
  <testcase classname="test.Logintest" name="getTitle" time="0.137"/>
  <system-out/>
  <testcase classname="test.Logintest" name="getTitle" time="0.150"/>
  <system-out/>
  <testcase classname="test.Logintest" name="getTitle" time="0.158"/>
  <system-out/>
  <testcase classname="test.Logintest" name="getTitle" time="0.140"/>
  <system-out/>
  <testcase classname="test.Logintest" name="getTitle" time="0.125"/>
  <system-out/>
  <testcase classname="test.Logintest" name="getTitle" time="0.133"/>
  <system-out/>
  <testcase classname="test.Logintest" name="clickonElements" time="0.339"/>
  <system-out/>
</testsuite> <!-- test.Logintest -->
