<?xml version="1.0" encoding="UTF-8"?>
<!-- Generated by org.testng.reporters.JUnitReportReporter -->
<testsuite hostname="DESKTOP-A020C06" failures="0" tests="4" name="test.Frame_test" time="0.679" errors="0" timestamp="2022-10-13T22:36:18 IST" skipped="0">
  <testcase classname="test.Frame_test" name="clickonalertframebutton" time="0.115"/>
  <system-out/>
  <testcase classname="test.Frame_test" name="clickonframe" time="0.204"/>
  <system-out/>
  <testcase classname="test.Frame_test" name="enterinparentframe1" time="0.111"/>
  <system-out/>
  <testcase classname="test.Frame_test" name="enterinchildframe2" time="0.249"/>
  <system-out/>
</testsuite> <!-- test.Frame_test -->
