<?xml version="1.0" encoding="UTF-8"?>
<!-- Generated by org.testng.reporters.JUnitReportReporter -->
<testsuite hostname="DESKTOP-A020C06" failures="0" tests="5" name="test.WebTables_test" time="10.316" errors="0" timestamp="2022-09-25T21:37:43 IST" skipped="0">
  <testcase classname="test.WebTables_test" name="clickonElements" time="2.070"/>
  <system-out/>
  <testcase classname="test.WebTables_test" name="clickonWebTablesbutton" time="1.095"/>
  <system-out/>
  <testcase classname="test.WebTables_test" name="filldetails" time="2.319"/>
  <system-out/>
  <testcase classname="test.WebTables_test" name="editdetails" time="3.111"/>
  <system-out/>
  <testcase classname="test.WebTables_test" name="matched_Data" time="1.721"/>
  <system-out/>
</testsuite> <!-- test.WebTables_test -->
