<?xml version="1.0" encoding="UTF-8"?>
<!-- Generated by org.testng.reporters.JUnitReportReporter -->
<testsuite hostname="DESKTOP-A020C06" failures="0" tests="5" name="test.Dataprovider_demo" time="32.305" errors="0" timestamp="2022-11-17T01:16:53 IST" skipped="0">
  <testcase classname="test.Dataprovider_demo" name="test" time="5.882"/>
  <system-out/>
  <testcase classname="test.Dataprovider_demo" name="test" time="7.954"/>
  <system-out/>
  <testcase classname="test.Dataprovider_demo" name="test" time="4.064"/>
  <system-out/>
  <testcase classname="test.Dataprovider_demo" name="test" time="10.110"/>
  <system-out/>
  <testcase classname="test.Dataprovider_demo" name="test" time="4.295"/>
  <system-out/>
</testsuite> <!-- test.Dataprovider_demo -->
