<?xml version="1.0" encoding="UTF-8"?>
<!-- Generated by org.testng.reporters.JUnitReportReporter -->
<testsuite hostname="DESKTOP-A020C06" failures="0" tests="6" name="test.Alert_test" time="5.912" errors="0" timestamp="2022-10-03T01:00:32 IST" skipped="0">
  <testcase classname="test.Alert_test" name="clickonalertframe" time="0.072"/>
  <system-out/>
  <testcase classname="test.Alert_test" name="clickonalertbutton" time="0.102"/>
  <system-out/>
  <testcase classname="test.Alert_test" name="clickonclickmealert" time="0.285"/>
  <system-out/>
  <testcase classname="test.Alert_test" name="clickmeafter5sec" time="5.301"/>
  <system-out/>
  <testcase classname="test.Alert_test" name="clickonmyconfirm" time="0.066"/>
  <system-out/>
  <testcase classname="test.Alert_test" name="clickonmypromt" time="0.086"/>
  <system-out/>
</testsuite> <!-- test.Alert_test -->
