<?xml version="1.0" encoding="UTF-8"?>
<!-- Generated by org.testng.reporters.JUnitReportReporter -->
<testsuite hostname="DESKTOP-A020C06" failures="0" tests="3" name="test.upload_download_test" time="2.360" errors="0" timestamp="2022-11-12T00:47:46 IST" skipped="0">
  <testcase classname="test.upload_download_test" name="clickonElements" time="0.308"/>
  <system-out/>
  <testcase classname="test.upload_download_test" name="clickonuploadanddownload" time="0.381"/>
  <system-out/>
  <testcase classname="test.upload_download_test" name="clickonchoosefile" time="1.671"/>
  <system-out/>
</testsuite> <!-- test.upload_download_test -->
