<?xml version="1.0" encoding="UTF-8"?>
<!-- Generated by org.testng.reporters.JUnitReportReporter -->
<testsuite hostname="Hemendra" failures="0" tests="5" name="test.WebTables_test" time="13.402" errors="0" timestamp="2023-04-17T23:36:50 IST" skipped="0">
  <testcase classname="test.WebTables_test" name="clickonElements" time="2.571"/>
  <system-out/>
  <testcase classname="test.WebTables_test" name="clickonWebTablesbutton" time="1.345"/>
  <system-out/>
  <testcase classname="test.WebTables_test" name="filldetails" time="3.320"/>
  <system-out/>
  <testcase classname="test.WebTables_test" name="editdetails" time="4.017"/>
  <system-out/>
  <testcase classname="test.WebTables_test" name="matched_Data" time="2.149"/>
  <system-out/>
</testsuite> <!-- test.WebTables_test -->
