<?xml version="1.0" encoding="UTF-8"?>
<!-- Generated by org.testng.reporters.JUnitReportReporter -->
<testsuite hostname="Hemendra" failures="0" tests="3" name="test.upload_download_test" time="2.956" errors="0" timestamp="2023-04-17T23:36:50 IST" skipped="0">
  <testcase classname="test.upload_download_test" name="clickonElements" time="0.284"/>
  <system-out/>
  <testcase classname="test.upload_download_test" name="clickonuploadanddownload" time="0.371"/>
  <system-out/>
  <testcase classname="test.upload_download_test" name="clickonchoosefile" time="2.301"/>
  <system-out/>
</testsuite> <!-- test.upload_download_test -->
