<?xml version="1.0" encoding="UTF-8"?>
<!-- Generated by org.testng.reporters.JUnitReportReporter -->
<testsuite hostname="Hemendra" failures="0" tests="5" name="test.CheckBox_test" time="1.649" errors="0" timestamp="2023-04-17T23:36:50 IST" skipped="0">
  <testcase classname="test.CheckBox_test" name="clickonElements" time="0.278"/>
  <system-out/>
  <testcase classname="test.CheckBox_test" name="clickonCheckBox" time="0.275"/>
  <system-out/>
  <testcase classname="test.CheckBox_test" name="mobileCheckBoxButton" time="0.343"/>
  <system-out/>
  <testcase classname="test.CheckBox_test" name="LaptopCheckBoxButton" time="0.321"/>
  <system-out/>
  <testcase classname="test.CheckBox_test" name="DesktopCheckBoxButton" time="0.432"/>
  <system-out/>
</testsuite> <!-- test.CheckBox_test -->
