<?xml version="1.0" encoding="UTF-8"?>
<!-- Generated by org.testng.reporters.JUnitReportReporter -->
<testsuite hostname="DESKTOP-A020C06" failures="0" tests="5" name="test.Tab_test" time="9.739" errors="0" timestamp="2022-11-29T17:52:29 IST" skipped="0">
  <testcase classname="test.Tab_test" name="clickonwidgets" time="0.683"/>
  <system-out/>
  <testcase classname="test.Tab_test" name="clickonTab" time="0.351"/>
  <system-out/>
  <testcase classname="test.Tab_test" name="gettextTab1" time="3.627"/>
  <system-out/>
  <testcase classname="test.Tab_test" name="gettextTab2" time="2.671"/>
  <system-out/>
  <testcase classname="test.Tab_test" name="gettextTab3" time="2.407"/>
  <system-out/>
</testsuite> <!-- test.Tab_test -->
