<?xml version="1.0" encoding="UTF-8"?>
<!-- Generated by org.testng.reporters.JUnitReportReporter -->
<testsuite hostname="Hemendra" failures="0" tests="7" name="test.TextBox_test" time="17.179" errors="0" timestamp="2023-04-17T23:36:50 IST" skipped="0">
  <testcase classname="test.TextBox_test" name="clickonElements" time="1.393"/>
  <system-out/>
  <testcase classname="test.TextBox_test" name="clickonTexBoxButton" time="1.400"/>
  <system-out/>
  <testcase classname="test.TextBox_test" name="sendTextFullName" time="3.433"/>
  <system-out/>
  <testcase classname="test.TextBox_test" name="sendTextfullemail1" time="1.556"/>
  <system-out/>
  <testcase classname="test.TextBox_test" name="sendTextfulladdresh1" time="2.036"/>
  <system-out/>
  <testcase classname="test.TextBox_test" name="sendTextPaddresh1" time="2.123"/>
  <system-out/>
  <testcase classname="test.TextBox_test" name="clickonSubmitButton" time="5.238"/>
  <system-out/>
</testsuite> <!-- test.TextBox_test -->
