<?xml version="1.0" encoding="UTF-8"?>
<!-- Generated by org.testng.reporters.JUnitReportReporter -->
<testsuite hostname="Hemendra" failures="0" tests="6" name="test.Alert_test" time="7.213" errors="0" timestamp="2023-04-17T23:36:50 IST" skipped="0">
  <testcase classname="test.Alert_test" name="clickonalertframe" time="0.313"/>
  <system-out/>
  <testcase classname="test.Alert_test" name="clickonalertbutton" time="0.280"/>
  <system-out/>
  <testcase classname="test.Alert_test" name="clickonclickmealert" time="0.384"/>
  <system-out/>
  <testcase classname="test.Alert_test" name="clickmeafter5sec" time="5.514"/>
  <system-out/>
  <testcase classname="test.Alert_test" name="clickonmyconfirm" time="0.294"/>
  <system-out/>
  <testcase classname="test.Alert_test" name="clickonmypromt" time="0.428"/>
  <system-out/>
</testsuite> <!-- test.Alert_test -->
